[2012-02-19 18:15:14] request.ERROR: Symfony\Component\HttpKernel\Exception\NotFoundHttpException: No route found for "GET /js/jquery.js" (uncaught exception) at /home/renat/www/ptracker/vendor/symfony/src/Symfony/Bundle/FrameworkBundle/EventListener/RouterListener.php line 83 [] []
[2012-02-19 18:15:14] request.ERROR: Symfony\Component\HttpKernel\Exception\NotFoundHttpException: No route found for "GET /js/bootstrap-alert.js" (uncaught exception) at /home/renat/www/ptracker/vendor/symfony/src/Symfony/Bundle/FrameworkBundle/EventListener/RouterListener.php line 83 [] []
[2012-02-19 18:15:14] request.ERROR: Symfony\Component\HttpKernel\Exception\NotFoundHttpException: No route found for "GET /js/bootstrap-modal.js" (uncaught exception) at /home/renat/www/ptracker/vendor/symfony/src/Symfony/Bundle/FrameworkBundle/EventListener/RouterListener.php line 83 [] []
[2012-02-19 18:15:15] request.ERROR: Symfony\Component\HttpKernel\Exception\NotFoundHttpException: No route found for "GET /js/bootstrap-scrollspy.js" (uncaught exception) at /home/renat/www/ptracker/vendor/symfony/src/Symfony/Bundle/FrameworkBundle/EventListener/RouterListener.php line 83 [] []
[2012-02-19 18:15:16] request.ERROR: Symfony\Component\HttpKernel\Exception\NotFoundHttpException: No route found for "GET /js/bootstrap-transition.js" (uncaught exception) at /home/renat/www/ptracker/vendor/symfony/src/Symfony/Bundle/FrameworkBundle/EventListener/RouterListener.php line 83 [] []
[2012-02-19 18:15:16] request.ERROR: Symfony\Component\HttpKernel\Exception\NotFoundHttpException: No route found for "GET /js/bootstrap-dropdown.js" (uncaught exception) at /home/renat/www/ptracker/vendor/symfony/src/Symfony/Bundle/FrameworkBundle/EventListener/RouterListener.php line 83 [] []
[2012-02-19 18:15:16] request.ERROR: Symfony\Component\HttpKernel\Exception\NotFoundHttpException: No route found for "GET /js/bootstrap-tooltip.js" (uncaught exception) at /home/renat/www/ptracker/vendor/symfony/src/Symfony/Bundle/FrameworkBundle/EventListener/RouterListener.php line 83 [] []
[2012-02-19 18:15:16] request.ERROR: Symfony\Component\HttpKernel\Exception\NotFoundHttpException: No route found for "GET /js/bootstrap-tab.js" (uncaught exception) at /home/renat/www/ptracker/vendor/symfony/src/Symfony/Bundle/FrameworkBundle/EventListener/RouterListener.php line 83 [] []
[2012-02-19 18:15:16] request.ERROR: Symfony\Component\HttpKernel\Exception\NotFoundHttpException: No route found for "GET /js/bootstrap-collapse.js" (uncaught exception) at /home/renat/www/ptracker/app/cache/prod/classes.php line 4564 [] []
[2012-02-19 18:15:16] request.ERROR: Symfony\Component\HttpKernel\Exception\NotFoundHttpException: No route found for "GET /js/bootstrap-button.js" (uncaught exception) at /home/renat/www/ptracker/vendor/symfony/src/Symfony/Bundle/FrameworkBundle/EventListener/RouterListener.php line 83 [] []
[2012-02-19 18:15:16] request.ERROR: Symfony\Component\HttpKernel\Exception\NotFoundHttpException: No route found for "GET /js/bootstrap-typeahead.js" (uncaught exception) at /home/renat/www/ptracker/app/cache/prod/classes.php line 4564 [] []
[2012-02-19 18:15:16] request.ERROR: Symfony\Component\HttpKernel\Exception\NotFoundHttpException: No route found for "GET /js/bootstrap-carousel.js" (uncaught exception) at /home/renat/www/ptracker/app/cache/prod/classes.php line 4564 [] []
[2012-02-19 18:15:17] request.ERROR: Symfony\Component\HttpKernel\Exception\NotFoundHttpException: No route found for "GET /js/bootstrap-alert.js" (uncaught exception) at /home/renat/www/ptracker/app/cache/prod/classes.php line 4564 [] []
[2012-02-19 18:15:17] request.ERROR: Symfony\Component\HttpKernel\Exception\NotFoundHttpException: No route found for "GET /js/bootstrap-popover.js" (uncaught exception) at /home/renat/www/ptracker/vendor/symfony/src/Symfony/Bundle/FrameworkBundle/EventListener/RouterListener.php line 83 [] []
[2012-02-19 18:15:17] request.ERROR: Symfony\Component\HttpKernel\Exception\NotFoundHttpException: No route found for "GET /js/bootstrap-modal.js" (uncaught exception) at /home/renat/www/ptracker/app/cache/prod/classes.php line 4564 [] []
[2012-02-19 18:15:17] request.ERROR: Symfony\Component\HttpKernel\Exception\NotFoundHttpException: No route found for "GET /js/bootstrap-dropdown.js" (uncaught exception) at /home/renat/www/ptracker/app/cache/prod/classes.php line 4564 [] []
[2012-02-19 18:15:17] request.ERROR: Symfony\Component\HttpKernel\Exception\NotFoundHttpException: No route found for "GET /js/bootstrap-scrollspy.js" (uncaught exception) at /home/renat/www/ptracker/app/cache/prod/classes.php line 4564 [] []
[2012-02-19 18:15:18] request.ERROR: Symfony\Component\HttpKernel\Exception\NotFoundHttpException: No route found for "GET /js/bootstrap-tab.js" (uncaught exception) at /home/renat/www/ptracker/app/cache/prod/classes.php line 4564 [] []
[2012-02-19 18:15:18] request.ERROR: Symfony\Component\HttpKernel\Exception\NotFoundHttpException: No route found for "GET /js/bootstrap-tooltip.js" (uncaught exception) at /home/renat/www/ptracker/app/cache/prod/classes.php line 4564 [] []
[2012-02-19 18:15:18] request.ERROR: Symfony\Component\HttpKernel\Exception\NotFoundHttpException: No route found for "GET /js/bootstrap-popover.js" (uncaught exception) at /home/renat/www/ptracker/app/cache/prod/classes.php line 4564 [] []
[2012-02-19 18:15:18] request.ERROR: Symfony\Component\HttpKernel\Exception\NotFoundHttpException: No route found for "GET /js/bootstrap-button.js" (uncaught exception) at /home/renat/www/ptracker/app/cache/prod/classes.php line 4564 [] []
[2012-02-19 18:15:19] request.ERROR: Symfony\Component\HttpKernel\Exception\NotFoundHttpException: No route found for "GET /js/bootstrap-collapse.js" (uncaught exception) at /home/renat/www/ptracker/app/cache/prod/classes.php line 4564 [] []
[2012-02-19 18:15:19] request.ERROR: Symfony\Component\HttpKernel\Exception\NotFoundHttpException: No route found for "GET /js/bootstrap-carousel.js" (uncaught exception) at /home/renat/www/ptracker/app/cache/prod/classes.php line 4564 [] []
[2012-02-19 18:15:19] request.ERROR: Symfony\Component\HttpKernel\Exception\NotFoundHttpException: No route found for "GET /js/bootstrap-typeahead.js" (uncaught exception) at /home/renat/www/ptracker/app/cache/prod/classes.php line 4564 [] []
[2012-02-19 18:28:34] request.ERROR: Symfony\Component\HttpKernel\Exception\NotFoundHttpException: No route found for "GET /js/bootstrap-transition.js" (uncaught exception) at /home/renat/www/ptracker/app/cache/prod/classes.php line 4564 [] []
[2012-02-19 18:28:39] request.ERROR: Symfony\Component\HttpKernel\Exception\NotFoundHttpException: No route found for "GET /js/bootstrap-transition.js" (uncaught exception) at /home/renat/www/ptracker/app/cache/prod/classes.php line 4564 [] []
[2012-02-19 18:28:42] request.ERROR: Symfony\Component\HttpKernel\Exception\NotFoundHttpException: No route found for "GET /js/bootstrap-transition.js" (uncaught exception) at /home/renat/www/ptracker/app/cache/prod/classes.php line 4564 [] []
[2012-02-19 18:56:47] request.ERROR: Symfony\Component\HttpKernel\Exception\NotFoundHttpException: No route found for "GET /auth/images/favicon.ico" (uncaught exception) at /home/renat/www/ptracker/app/cache/prod/classes.php line 4564 [] []
[2012-02-19 18:56:47] request.ERROR: Symfony\Component\HttpKernel\Exception\NotFoundHttpException: No route found for "GET /auth/images/favicon.ico" (uncaught exception) at /home/renat/www/ptracker/app/cache/prod/classes.php line 4564 [] []
[2012-02-19 18:56:59] request.ERROR: Symfony\Component\HttpKernel\Exception\NotFoundHttpException: No route found for "GET /auth/Renat/dsfdf" (uncaught exception) at /home/renat/www/ptracker/app/cache/prod/classes.php line 4564 [] []
[2012-02-20 22:26:19] request.ERROR: Symfony\Component\HttpKernel\Exception\NotFoundHttpException: No route found for "GET /register" (uncaught exception) at /home/renat/www/ptracker/app/cache/prod/classes.php line 4564 [] []
[2012-02-20 22:26:40] request.ERROR: Symfony\Component\HttpKernel\Exception\NotFoundHttpException: No route found for "GET /" (uncaught exception) at /home/renat/www/ptracker/app/cache/prod/classes.php line 4564 [] []
[2012-02-20 22:26:45] request.ERROR: Symfony\Component\HttpKernel\Exception\NotFoundHttpException: No route found for "GET /" (uncaught exception) at /home/renat/www/ptracker/app/cache/prod/classes.php line 4564 [] []
[2012-02-20 22:26:50] request.ERROR: Symfony\Component\HttpKernel\Exception\NotFoundHttpException: No route found for "GET /app_prod.php" (uncaught exception) at /home/renat/www/ptracker/app/cache/prod/classes.php line 4564 [] []
[2012-02-21 20:48:06] request.ERROR: Symfony\Component\HttpKernel\Exception\NotFoundHttpException: No route found for "GET /activate/mennanov/pyy60rqpqkgwoc8soccwswc4skowgso" (uncaught exception) at /home/renat/www/ptracker/app/cache/prod/classes.php line 4564 [] []
[2012-02-23 00:36:18] request.ERROR: Symfony\Component\HttpKernel\Exception\NotFoundHttpException: No route found for "GET /" (uncaught exception) at /home/renat/www/ptracker/app/cache/prod/classes.php line 4564 [] []
[2012-02-23 00:36:23] request.ERROR: Symfony\Component\HttpKernel\Exception\NotFoundHttpException: No route found for "GET /" (uncaught exception) at /home/renat/www/ptracker/app/cache/prod/classes.php line 4564 [] []
[2012-02-23 00:37:06] request.ERROR: Symfony\Component\HttpKernel\Exception\NotFoundHttpException: No route found for "GET /" (uncaught exception) at /home/renat/www/ptracker/app/cache/prod/classes.php line 4564 [] []
[2012-02-23 00:42:17] request.ERROR: Symfony\Component\HttpKernel\Exception\NotFoundHttpException: No route found for "GET /login" (uncaught exception) at /home/renat/www/ptracker/app/cache/prod/classes.php line 4564 [] []
[2012-02-23 00:45:23] request.ERROR: Symfony\Component\HttpKernel\Exception\NotFoundHttpException: No route found for "GET /login" (uncaught exception) at /home/renat/www/ptracker/app/cache/prod/classes.php line 4564 [] []
[2012-02-23 00:45:27] request.ERROR: Symfony\Component\HttpKernel\Exception\NotFoundHttpException: No route found for "GET /" (uncaught exception) at /home/renat/www/ptracker/app/cache/prod/classes.php line 4564 [] []
[2012-02-23 00:46:31] request.ERROR: Symfony\Component\HttpKernel\Exception\NotFoundHttpException: No route found for "GET /images/favicon.ico" (uncaught exception) at /home/renat/www/ptracker/app/cache/prod/classes.php line 4564 [] []
[2012-02-23 00:46:32] request.ERROR: Symfony\Component\HttpKernel\Exception\NotFoundHttpException: No route found for "GET /images/favicon.ico" (uncaught exception) at /home/renat/www/ptracker/app/cache/prod/classes.php line 4564 [] []
[2012-02-23 00:46:50] request.ERROR: Symfony\Component\HttpKernel\Exception\NotFoundHttpException: No route found for "GET /" (uncaught exception) at /home/renat/www/ptracker/app/cache/prod/classes.php line 4564 [] []
[2012-02-23 00:46:52] request.ERROR: Symfony\Component\HttpKernel\Exception\NotFoundHttpException: No route found for "GET /" (uncaught exception) at /home/renat/www/ptracker/app/cache/prod/classes.php line 4564 [] []
[2012-02-23 00:46:55] request.ERROR: Symfony\Component\HttpKernel\Exception\NotFoundHttpException: No route found for "GET /login" (uncaught exception) at /home/renat/www/ptracker/app/cache/prod/classes.php line 4564 [] []
[2012-02-23 00:47:54] request.ERROR: Symfony\Component\HttpKernel\Exception\NotFoundHttpException: No route found for "GET /login" (uncaught exception) at /home/renat/www/ptracker/app/cache/prod/classes.php line 4564 [] []
[2012-02-23 00:52:07] request.ERROR: Symfony\Component\HttpKernel\Exception\NotFoundHttpException: No route found for "GET /login" (uncaught exception) at /home/renat/www/ptracker/app/cache/prod/classes.php line 4564 [] []
[2012-02-23 00:52:10] request.ERROR: Symfony\Component\HttpKernel\Exception\NotFoundHttpException: No route found for "GET /" (uncaught exception) at /home/renat/www/ptracker/app/cache/prod/classes.php line 4564 [] []
[2012-02-24 11:22:12] request.ERROR: Symfony\Component\HttpKernel\Exception\NotFoundHttpException: No route found for "GET /login" (uncaught exception) at /home/renat/www/ptracker/app/cache/prod/classes.php line 4564 [] []
[2012-02-24 11:23:32] request.ERROR: Symfony\Component\HttpKernel\Exception\NotFoundHttpException: No route found for "GET /login" (uncaught exception) at /home/renat/www/ptracker/app/cache/prod/classes.php line 4564 [] []
[2012-02-24 11:25:49] request.ERROR: Symfony\Component\HttpKernel\Exception\NotFoundHttpException: No route found for "GET /login" (uncaught exception) at /home/renat/www/ptracker/app/cache/prod/classes.php line 4564 [] []
[2012-02-24 11:25:50] request.ERROR: Symfony\Component\HttpKernel\Exception\NotFoundHttpException: No route found for "GET /login" (uncaught exception) at /home/renat/www/ptracker/app/cache/prod/classes.php line 4564 [] []
[2012-02-24 11:25:50] request.ERROR: Symfony\Component\HttpKernel\Exception\NotFoundHttpException: No route found for "GET /login" (uncaught exception) at /home/renat/www/ptracker/app/cache/prod/classes.php line 4564 [] []
[2012-02-24 11:27:03] request.ERROR: Symfony\Component\HttpKernel\Exception\NotFoundHttpException: No route found for "GET /login" (uncaught exception) at /home/renat/www/ptracker/app/cache/prod/classes.php line 4564 [] []
[2012-02-24 11:27:04] request.ERROR: Symfony\Component\HttpKernel\Exception\NotFoundHttpException: No route found for "GET /login" (uncaught exception) at /home/renat/www/ptracker/app/cache/prod/classes.php line 4564 [] []
[2012-02-24 11:27:05] request.ERROR: Symfony\Component\HttpKernel\Exception\NotFoundHttpException: No route found for "GET /login" (uncaught exception) at /home/renat/www/ptracker/app/cache/prod/classes.php line 4564 [] []
[2012-02-24 12:17:18] request.ERROR: Symfony\Component\HttpKernel\Exception\NotFoundHttpException: No route found for "GET /images/favicon.ico" (uncaught exception) at /home/renat/www/ptracker/app/cache/prod/classes.php line 4564 [] []
[2012-02-24 12:17:19] request.ERROR: Symfony\Component\HttpKernel\Exception\NotFoundHttpException: No route found for "GET /images/favicon.ico" (uncaught exception) at /home/renat/www/ptracker/app/cache/prod/classes.php line 4564 [] []
[2012-02-24 13:28:29] request.ERROR: Symfony\Component\HttpKernel\Exception\NotFoundHttpException: No route found for "GET /images/favicon.ico" (uncaught exception) at /home/renat/www/ptracker/app/cache/prod/classes.php line 4564 [] []
[2012-02-24 13:28:34] request.ERROR: Symfony\Component\HttpKernel\Exception\NotFoundHttpException: No route found for "GET /images/favicon.ico" (uncaught exception) at /home/renat/www/ptracker/app/cache/prod/classes.php line 4564 [] []
[2012-02-24 13:28:36] request.ERROR: Symfony\Component\HttpKernel\Exception\NotFoundHttpException: No route found for "GET /images/favicon.ico" (uncaught exception) at /home/renat/www/ptracker/app/cache/prod/classes.php line 4564 [] []
[2012-02-24 13:29:04] request.ERROR: Symfony\Component\HttpKernel\Exception\NotFoundHttpException: No route found for "GET /images/favicon.ico" (uncaught exception) at /home/renat/www/ptracker/app/cache/prod/classes.php line 4564 [] []
[2012-02-24 13:29:06] request.ERROR: Symfony\Component\HttpKernel\Exception\NotFoundHttpException: No route found for "GET /images/favicon.ico" (uncaught exception) at /home/renat/www/ptracker/app/cache/prod/classes.php line 4564 [] []
[2012-02-24 13:31:56] request.ERROR: Symfony\Component\HttpKernel\Exception\NotFoundHttpException: No route found for "GET /images/favicon.ico" (uncaught exception) at /home/renat/www/ptracker/app/cache/prod/classes.php line 4564 [] []
[2012-02-24 13:57:00] request.INFO: Matched route "register" (parameters: "_controller": "Ptracker\AuthBundle\Controller\DefaultController::registerAction", "_route": "register") [] []
[2012-02-24 13:57:00] request.CRITICAL: PDOException: SQLSTATE[23000]: Integrity constraint violation: 1062 Duplicate entry 'mennanov' for key 'UNIQ_2DA17977F85E0677' (uncaught exception) at /home/renat/www/ptracker/vendor/doctrine-dbal/lib/Doctrine/DBAL/Statement.php line 131 [] []
[2012-02-24 14:08:56] request.INFO: Matched route "register" (parameters: "_controller": "Ptracker\AuthBundle\Controller\DefaultController::registerAction", "_route": "register") [] []
[2012-02-24 14:08:57] request.CRITICAL: PDOException: SQLSTATE[23000]: Integrity constraint violation: 1062 Duplicate entry 'vasya' for key 'UNIQ_2DA17977F85E0677' (uncaught exception) at /home/renat/www/ptracker/vendor/doctrine-dbal/lib/Doctrine/DBAL/Statement.php line 131 [] []
[2012-02-24 15:16:40] security.DEBUG: Read SecurityContext from the session [] []
[2012-02-24 15:16:40] security.DEBUG: Reloading user from user provider. [] []
[2012-02-24 15:16:40] security.DEBUG: Username "mennanov" was reloaded from user provider. [] []
[2012-02-24 15:16:40] request.ERROR: Symfony\Component\HttpKernel\Exception\NotFoundHttpException: No route found for "GET /activate/" (uncaught exception) at /home/renat/www/ptracker/app/cache/prod/classes.php line 4564 [] []
[2012-02-24 15:16:41] security.DEBUG: Write SecurityContext in the session [] []
[2012-02-24 15:17:00] security.DEBUG: Read SecurityContext from the session [] []
[2012-02-24 15:17:00] security.DEBUG: Reloading user from user provider. [] []
[2012-02-24 15:17:00] security.DEBUG: Username "mennanov" was reloaded from user provider. [] []
[2012-02-24 15:17:00] request.ERROR: Symfony\Component\HttpKernel\Exception\NotFoundHttpException: No route found for "GET /activate/sdfdf/images/favicon.ico" (uncaught exception) at /home/renat/www/ptracker/app/cache/prod/classes.php line 4564 [] []
[2012-02-24 15:17:00] security.DEBUG: Write SecurityContext in the session [] []
[2012-02-24 15:17:00] security.DEBUG: Read SecurityContext from the session [] []
[2012-02-24 15:17:00] security.DEBUG: Reloading user from user provider. [] []
[2012-02-24 15:17:00] security.DEBUG: Username "mennanov" was reloaded from user provider. [] []
[2012-02-24 15:17:00] request.ERROR: Symfony\Component\HttpKernel\Exception\NotFoundHttpException: No route found for "GET /activate/sdfdf/images/favicon.ico" (uncaught exception) at /home/renat/www/ptracker/app/cache/prod/classes.php line 4564 [] []
[2012-02-24 15:17:00] security.DEBUG: Write SecurityContext in the session [] []
